<?xml version="1.0" encoding="UTF-8"?>
<!-- Generated by org.testng.reporters.JUnitReportReporter -->
<testsuite hostname="DESKTOP-USU743I" failures="0" tests="7" name="com.facebook.automation.test.Login" time="4.714" errors="0" timestamp="2023-09-28T22:02:21 GST" skipped="0">
  <testcase classname="com.facebook.automation.test.Login" name="login_passed" time="0.289"/>
  <testcase classname="com.facebook.automation.test.Login" name="login_failed_empty_form" time="4.336"/>
  <testcase classname="com.facebook.automation.test.Login" name="login_failed_empty_email" time="0.017"/>
  <testcase classname="com.facebook.automation.test.Login" name="login_failed_empty_password" time="0.014"/>
  <testcase classname="com.facebook.automation.test.Login" name="login_failed_invalid_email_format" time="0.014"/>
  <testcase classname="com.facebook.automation.test.Login" name="login_failed_email_login_invalid_password" time="0.015"/>
  <testcase classname="com.facebook.automation.test.Login" name="login_failed_mobile_login_invalid_password" time="0.029"/>
</testsuite> <!-- com.facebook.automation.test.Login -->
