<?xml version="1.0" encoding="UTF-8"?>
<!-- Generated by org.testng.reporters.JUnitReportReporter -->
<testsuite hostname="DESKTOP-USU743I" failures="0" tests="2" name="com.facebook.automation.test.SignUp" time="44.108" errors="0" timestamp="2023-10-04T06:34:29 GST" skipped="0">
  <testcase classname="com.facebook.automation.test.SignUp" name="signup_failed_empty_form" time="0.006"/>
  <testcase classname="com.facebook.automation.test.SignUp" name="signup_success_form" time="44.102"/>
</testsuite> <!-- com.facebook.automation.test.SignUp -->
