<?xml version="1.0" encoding="UTF-8"?>
<!-- Generated by org.testng.reporters.JUnitReportReporter -->
<testsuite hostname="DESKTOP-USU743I" failures="0" tests="12" name="com.playground.api.test.Stores" time="3.517" errors="0" timestamp="2023-10-04T19:46:03 GST" skipped="0">
  <testcase classname="com.playground.api.test.Stores" name="search_by_stores_properties" time="0.029"/>
  <testcase classname="com.playground.api.test.Stores" name="get_paginated_stores" time="0.111"/>
  <testcase classname="com.playground.api.test.Stores" name="stores_required_fields" time="0.033"/>
  <testcase classname="com.playground.api.test.Stores" name="search_by_stores_service_1" time="0.021"/>
  <testcase classname="com.playground.api.test.Stores" name="create_store" time="2.075"/>
  <testcase classname="com.playground.api.test.Stores" name="get_store_by_id" time="0.898"/>
  <testcase classname="com.playground.api.test.Stores" name="store_not_found" time="0.060"/>
  <testcase classname="com.playground.api.test.Stores" name="search_by_near_stores" time="0.050"/>
  <testcase classname="com.playground.api.test.Stores" name="get_stores" time="0.077"/>
  <testcase classname="com.playground.api.test.Stores" name="get_storet_by_id_and_name" time="0.080"/>
  <testcase classname="com.playground.api.test.Stores" name="search_by_stores_name_partially" time="0.032"/>
  <testcase classname="com.playground.api.test.Stores" name="search_by_stores_service_2" time="0.051"/>
</testsuite> <!-- com.playground.api.test.Stores -->
