<?xml version="1.0" encoding="UTF-8"?>
<!-- Generated by org.testng.reporters.JUnitReportReporter -->
<testsuite hostname="DESKTOP-USU743I" failures="0" tests="8" name="com.playground.api.test.Categories" time="3.106" errors="0" timestamp="2023-10-04T19:45:37 GST" skipped="0">
  <testcase classname="com.playground.api.test.Categories" name="search_categories" time="0.049"/>
  <testcase classname="com.playground.api.test.Categories" name="get_paginated_categories" time="0.085"/>
  <testcase classname="com.playground.api.test.Categories" name="categories_required_fields" time="1.855"/>
  <testcase classname="com.playground.api.test.Categories" name="get_category_by_id" time="0.729"/>
  <testcase classname="com.playground.api.test.Categories" name="get_categories" time="0.105"/>
  <testcase classname="com.playground.api.test.Categories" name="create_category" time="0.143"/>
  <testcase classname="com.playground.api.test.Categories" name="get_category_by_id_and_name" time="0.064"/>
  <testcase classname="com.playground.api.test.Categories" name="category_not_found" time="0.076"/>
</testsuite> <!-- com.playground.api.test.Categories -->
