<?xml version="1.0" encoding="UTF-8"?>
<!-- Generated by org.testng.reporters.JUnitReportReporter -->
<testsuite hostname="DESKTOP-USU743I" failures="0" tests="8" name="com.playground.api.test.Services" time="2.934" errors="0" timestamp="2023-10-04T19:45:13 GST" skipped="0">
  <testcase classname="com.playground.api.test.Services" name="get_services" time="0.022"/>
  <testcase classname="com.playground.api.test.Services" name="create_service" time="1.965"/>
  <testcase classname="com.playground.api.test.Services" name="get_service_by_id" time="0.726"/>
  <testcase classname="com.playground.api.test.Services" name="search_services" time="0.019"/>
  <testcase classname="com.playground.api.test.Services" name="services_required_fields" time="0.032"/>
  <testcase classname="com.playground.api.test.Services" name="get_paginated_services" time="0.060"/>
  <testcase classname="com.playground.api.test.Services" name="service_not_found" time="0.050"/>
  <testcase classname="com.playground.api.test.Services" name="get_service_by_id_and_name" time="0.060"/>
</testsuite> <!-- com.playground.api.test.Services -->
