<?xml version="1.0" encoding="UTF-8"?>
<!-- Generated by org.testng.reporters.JUnitReportReporter -->
<testsuite hostname="DESKTOP-USU743I" failures="0" tests="9" name="com.playground.api.test.Products" time="3.512" errors="0" timestamp="2023-10-04T19:45:47 GST" skipped="0">
  <testcase classname="com.playground.api.test.Products" name="product_not_found" time="0.048"/>
  <testcase classname="com.playground.api.test.Products" name="products_required_fields" time="0.029"/>
  <testcase classname="com.playground.api.test.Products" name="create_product_success" time="0.194"/>
  <testcase classname="com.playground.api.test.Products" name="get_paginated_products" time="0.283"/>
  <testcase classname="com.playground.api.test.Products" name="get_products" time="0.244"/>
  <testcase classname="com.playground.api.test.Products" name="get_product_by_id_and_name" time="0.049"/>
  <testcase classname="com.playground.api.test.Products" name="get_product_by_id" time="0.729"/>
  <testcase classname="com.playground.api.test.Products" name="create_product_failed" time="1.818"/>
  <testcase classname="com.playground.api.test.Products" name="search_products" time="0.118"/>
</testsuite> <!-- com.playground.api.test.Products -->
